[22:23:42] [Server thread/INFO] [do_a_barrel_roll/]: Client of Xuanyuan_14_ accepted server config.
[22:23:44] [Server thread/INFO] [de.ke.fa.ne.pa.ha.ServerSideHandshakePacketLogic/]: [FANCYMENU] A client with FancyMenu installed joined the server: Xuanyuan_14_
[22:25:03] [Server thread/ERROR] [ne.ne.fm.co.as.RuntimeDistCleaner/DISTXFORM]: Attempted to load class net/minecraft/client/player/LocalPlayer for invalid dist DEDICATED_SERVER
[22:25:03] [Server thread/ERROR] [minecraft/ServerPacketListener]: Failed to handle packet net.minecraft.network.protocol.game.ServerboundUseItemOnPacket@501f0ba3, suppressing error
java.lang.RuntimeException: Attempted to load class net/minecraft/client/player/LocalPlayer for invalid dist DEDICATED_SERVER
	at MC-BOOTSTRAP/fml_loader@4.0.42/net.neoforged.fml.common.asm.RuntimeDistCleaner.processClassWithFlags(RuntimeDistCleaner.java:60) ~[loader-4.0.42.jar%2359!/:4.0]
	at MC-BOOTSTRAP/cpw.mods.modlauncher@11.0.5/cpw.mods.modlauncher.LaunchPluginHandler.offerClassNodeToPlugins(LaunchPluginHandler.java:94) ~[modlauncher-11.0.5.jar%2364!/:?]
	at MC-BOOTSTRAP/cpw.mods.modlauncher@11.0.5/cpw.mods.modlauncher.ClassTransformer.transform(ClassTransformer.java:120) ~[modlauncher-11.0.5.jar%2364!/:?]
	at MC-BOOTSTRAP/cpw.mods.modlauncher@11.0.5/cpw.mods.modlauncher.TransformingClassLoader.maybeTransformClassBytes(TransformingClassLoader.java:57) ~[modlauncher-11.0.5.jar%2364!/:?]
	at cpw.mods.securejarhandler/cpw.mods.cl.ModuleClassLoader.readerToClass(ModuleClassLoader.java:190) ~[securejarhandler-3.0.8.jar:?]
	at cpw.mods.securejarhandler/cpw.mods.cl.ModuleClassLoader.lambda$findClass$20(ModuleClassLoader.java:298) ~[securejarhandler-3.0.8.jar:?]
	at cpw.mods.securejarhandler/cpw.mods.cl.ModuleClassLoader.loadFromModule(ModuleClassLoader.java:311) ~[securejarhandler-3.0.8.jar:?]
	at cpw.mods.securejarhandler/cpw.mods.cl.ModuleClassLoader.findClass(ModuleClassLoader.java:298) ~[securejarhandler-3.0.8.jar:?]
	at cpw.mods.securejarhandler/cpw.mods.cl.ModuleClassLoader.loadClass(ModuleClassLoader.java:214) ~[securejarhandler-3.0.8.jar:?]
	at java.base/java.lang.ClassLoader.loadClass(Unknown Source) ~[?:?]
	at TRANSFORMER/simulated@1.2.1/dev.simulated_team.simulated.content.blocks.redstone.linked_typewriter.LinkedTypewriterBlock.useItemOn(LinkedTypewriterBlock.java:110) ~[dev.simulated_team.simulated.simulated-neoforge-1.21.1-1.2.1.jar%23756!/:1.2.1]
	at TRANSFORMER/minecraft@1.21.1/net.minecraft.world.level.block.state.BlockBehaviour$BlockStateBase.useItemOn(BlockBehaviour.java:755) ~[server-1.21.1-20240808.144430-srg.jar%23332!/:?]
	at TRANSFORMER/minecraft@1.21.1/net.minecraft.server.level.ServerPlayerGameMode.useItemOn(ServerPlayerGameMode.java:363) ~[server-1.21.1-20240808.144430-srg.jar%23332!/:?]
	at TRANSFORMER/minecraft@1.21.1/net.minecraft.server.network.ServerGamePacketListenerImpl.handleUseItemOn(ServerGamePacketListenerImpl.java:1123) ~[server-1.21.1-20240808.144430-srg.jar%23332!/:?]
	at TRANSFORMER/minecraft@1.21.1/net.minecraft.network.protocol.game.ServerboundUseItemOnPacket.handle(ServerboundUseItemOnPacket.java:42) ~[server-1.21.1-20240808.144430-srg.jar%23332!/:?]
	at TRANSFORMER/minecraft@1.21.1/net.minecraft.network.protocol.game.ServerboundUseItemOnPacket.handle(ServerboundUseItemOnPacket.java:10) ~[server-1.21.1-20240808.144430-srg.jar%23332!/:?]
	at TRANSFORMER/minecraft@1.21.1/net.minecraft.network.protocol.PacketUtils.lambda$ensureRunningOnSameThread$0(PacketUtils.java:27) [server-1.21.1-20240808.144430-srg.jar%23332!/:?]
	at TRANSFORMER/minecraft@1.21.1/net.minecraft.server.TickTask.run(TickTask.java:18) [server-1.21.1-20240808.144430-srg.jar%23332!/:?]
	at TRANSFORMER/minecraft@1.21.1/net.minecraft.util.thread.BlockableEventLoop.doRunTask(BlockableEventLoop.java:148) [server-1.21.1-20240808.144430-srg.jar%23332!/:?]
	at TRANSFORMER/minecraft@1.21.1/net.minecraft.util.thread.ReentrantBlockableEventLoop.doRunTask(ReentrantBlockableEventLoop.java:23) [server-1.21.1-20240808.144430-srg.jar%23332!/:?]
	at TRANSFORMER/minecraft@1.21.1/net.minecraft.server.MinecraftServer.doRunTask(MinecraftServer.java:872) [server-1.21.1-20240808.144430-srg.jar%23332!/:?]
	at TRANSFORMER/minecraft@1.21.1/net.minecraft.server.MinecraftServer.doRunTask(MinecraftServer.java:170) [server-1.21.1-20240808.144430-srg.jar%23332!/:?]
	at TRANSFORMER/minecraft@1.21.1/net.minecraft.util.thread.BlockableEventLoop.pollTask(BlockableEventLoop.java:122) [server-1.21.1-20240808.144430-srg.jar%23332!/:?]
	at TRANSFORMER/minecraft@1.21.1/net.minecraft.server.MinecraftServer.pollTaskInternal(MinecraftServer.java:855) [server-1.21.1-20240808.144430-srg.jar%23332!/:?]
	at TRANSFORMER/minecraft@1.21.1/net.minecraft.server.MinecraftServer.pollTask(MinecraftServer.java:849) [server-1.21.1-20240808.144430-srg.jar%23332!/:?]
	at TRANSFORMER/minecraft@1.21.1/net.minecraft.util.thread.BlockableEventLoop.managedBlock(BlockableEventLoop.java:132) [server-1.21.1-20240808.144430-srg.jar%23332!/:?]
	at TRANSFORMER/minecraft@1.21.1/net.minecraft.server.MinecraftServer.managedBlock(MinecraftServer.java:821) [server-1.21.1-20240808.144430-srg.jar%23332!/:?]
	at TRANSFORMER/minecraft@1.21.1/net.minecraft.server.MinecraftServer.mixinextras$bridge$managedBlock$326(MinecraftServer.java) [server-1.21.1-20240808.144430-srg.jar%23332!/:?]
	at TRANSFORMER/minecraft@1.21.1/net.minecraft.server.MinecraftServer.wrapOperation$zfi000$modernfix$managedBlock(MinecraftServer.java:2154) [server-1.21.1-20240808.144430-srg.jar%23332!/:?]
	at TRANSFORMER/minecraft@1.21.1/net.minecraft.server.MinecraftServer.waitUntilNextTick(MinecraftServer.java:826) [server-1.21.1-20240808.144430-srg.jar%23332!/:?]
	at TRANSFORMER/minecraft@1.21.1/net.minecraft.server.MinecraftServer.runServer(MinecraftServer.java:712) [server-1.21.1-20240808.144430-srg.jar%23332!/:?]
	at TRANSFORMER/minecraft@1.21.1/net.minecraft.server.MinecraftServer.lambda$spin$2(MinecraftServer.java:267) [server-1.21.1-20240808.144430-srg.jar%23332!/:?]
	at java.base/java.lang.Thread.run(Unknown Source) [?:?]
